[debug] [2022-06-03T20:55:01.633Z] ----------------------------------------------------------------------
[debug] [2022-06-03T20:55:01.634Z] Command:       /usr/bin/node /usr/bin/firebase serve --only functions
[debug] [2022-06-03T20:55:01.635Z] CLI Version:   11.0.1
[debug] [2022-06-03T20:55:01.635Z] Platform:      linux
[debug] [2022-06-03T20:55:01.635Z] Node Version:  v16.13.2
[debug] [2022-06-03T20:55:01.635Z] Time:          Fri Jun 03 2022 16:55:01 GMT-0400 (hora estándar de Paraguay)
[debug] [2022-06-03T20:55:01.635Z] ----------------------------------------------------------------------
[debug] 
[debug] [2022-06-03T20:55:01.678Z] > command requires scopes: ["email","openid","https://www.googleapis.com/auth/cloudplatformprojects.readonly","https://www.googleapis.com/auth/firebase","https://www.googleapis.com/auth/cloud-platform"]
[debug] [2022-06-03T20:55:01.678Z] > authorizing via signed-in user (paraqvaria.it.3@gmail.com)
[debug] [2022-06-03T20:55:01.679Z] [iam] checking project back-aero-marina for permissions ["firebase.projects.get"]
[debug] [2022-06-03T20:55:01.680Z] >>> [apiv2][query] POST https://cloudresourcemanager.googleapis.com/v1/projects/back-aero-marina:testIamPermissions [none]
[debug] [2022-06-03T20:55:01.680Z] >>> [apiv2][body] POST https://cloudresourcemanager.googleapis.com/v1/projects/back-aero-marina:testIamPermissions {"permissions":["firebase.projects.get"]}
[debug] [2022-06-03T20:55:07.662Z] <<< [apiv2][status] POST https://cloudresourcemanager.googleapis.com/v1/projects/back-aero-marina:testIamPermissions 200
[debug] [2022-06-03T20:55:07.662Z] <<< [apiv2][body] POST https://cloudresourcemanager.googleapis.com/v1/projects/back-aero-marina:testIamPermissions {"permissions":["firebase.projects.get"]}
[debug] [2022-06-03T20:55:07.664Z] >>> [apiv2][query] GET https://firebase.googleapis.com/v1beta1/projects/back-aero-marina [none]
[debug] [2022-06-03T20:55:13.844Z] <<< [apiv2][status] GET https://firebase.googleapis.com/v1beta1/projects/back-aero-marina 200
[debug] [2022-06-03T20:55:13.844Z] <<< [apiv2][body] GET https://firebase.googleapis.com/v1beta1/projects/back-aero-marina {"projectId":"back-aero-marina","projectNumber":"1063600420669","displayName":"back-aero-marina","name":"projects/back-aero-marina","resources":{"hostingSite":"back-aero-marina"},"state":"ACTIVE"}
[info] ✔  functions: Using node@16 from host. {"metadata":{"emulator":{"name":"functions"},"message":"Using node@16 from host."}}
[debug] [2022-06-03T20:55:13.862Z] defaultcredentials: writing to file /home/paraqvariai3/.config/firebase/paraqvaria_it.3_gmail.com_application_default_credentials.json
[debug] [2022-06-03T20:55:13.864Z] Setting GAC to /home/paraqvariai3/.config/firebase/paraqvaria_it.3_gmail.com_application_default_credentials.json {"metadata":{"emulator":{"name":"functions"},"message":"Setting GAC to /home/paraqvariai3/.config/firebase/paraqvaria_it.3_gmail.com_application_default_credentials.json"}}
[debug] [2022-06-03T20:55:13.865Z] >>> [apiv2][query] GET https://firebase.googleapis.com/v1beta1/projects/back-aero-marina/adminSdkConfig [none]
[debug] [2022-06-03T20:55:19.511Z] <<< [apiv2][status] GET https://firebase.googleapis.com/v1beta1/projects/back-aero-marina/adminSdkConfig 200
[debug] [2022-06-03T20:55:19.511Z] <<< [apiv2][body] GET https://firebase.googleapis.com/v1beta1/projects/back-aero-marina/adminSdkConfig {"projectId":"back-aero-marina","storageBucket":"back-aero-marina.appspot.com"}
[info] i  functions: Watching "/home/paraqvariai3/Escritorio/PROYECTOS/aeroProyecto/back-aero-marina/functions" for Cloud Functions... {"metadata":{"emulator":{"name":"functions"},"message":"Watching \"/home/paraqvariai3/Escritorio/PROYECTOS/aeroProyecto/back-aero-marina/functions\" for Cloud Functions..."}}
[debug] [2022-06-03T20:55:19.533Z] Validating nodejs source
[debug] [2022-06-03T20:55:25.820Z] > [functions] package.json contents: {
  "name": "functions",
  "description": "Cloud Functions for Firebase",
  "scripts": {
    "lint": "eslint .",
    "serve": "firebase emulators:start --only functions",
    "shell": "firebase functions:shell",
    "start": "npm run shell",
    "deploy": "firebase deploy --only functions",
    "logs": "firebase functions:log"
  },
  "engines": {
    "node": "16"
  },
  "main": "index.js",
  "dependencies": {
    "firebase-admin": "^10.0.2",
    "firebase-functions": "^3.18.0"
  },
  "devDependencies": {
    "eslint": "^8.9.0",
    "eslint-config-google": "^0.14.0",
    "firebase-functions-test": "^0.2.0"
  },
  "private": true
}
[debug] [2022-06-03T20:55:25.820Z] Building nodejs source
[debug] [2022-06-03T20:55:25.820Z] Analyzing nodejs backend spec
[debug] [2022-06-03T20:55:25.823Z] Could not find functions.yaml. Must use http discovery
[debug] [2022-06-03T20:55:25.950Z] Serving at port 9005

[debug] [2022-06-03T20:55:25.988Z] Got response from /__/functions.yaml {"endpoints":{"helloWorld":{"platform":"gcfv1","httpsTrigger":{},"entryPoint":"helloWorld"}},"specVersion":"v1alpha1","requiredAPIs":[]}
[debug] [2022-06-03T20:55:25.994Z] shutdown requested via /__/quitquitquit

[info] ✔  functions[us-central1-helloWorld]: http function initialized (http://localhost:5000/back-aero-marina/us-central1/helloWorld). {"metadata":{"emulator":{"name":"functions"},"message":"\u001b[1mhttp\u001b[22m function initialized (http://localhost:5000/back-aero-marina/us-central1/helloWorld)."}}
[debug] [2022-06-03T20:55:36.098Z] [work-queue] {"queueLength":1,"workRunningCount":0}
[debug] [2022-06-03T20:55:36.099Z] [work-queue] {"queueLength":0,"workRunningCount":1}
[debug] [2022-06-03T20:55:36.099Z] Accepted request GET /back-aero-marina/us-central1/helloWorld --> us-central1-helloWorld
[debug] [2022-06-03T20:55:36.113Z] [worker-pool] addWorker(us-central1-helloWorld) {"metadata":{"emulator":{"name":"functions"},"message":"[worker-pool] addWorker(us-central1-helloWorld)"}}
[debug] [2022-06-03T20:55:36.113Z] [worker-pool] Adding worker with key us-central1-helloWorld, total=1 {"metadata":{"emulator":{"name":"functions"},"message":"[worker-pool] Adding worker with key us-central1-helloWorld, total=1"}}
[debug] [2022-06-03T20:55:36.113Z] [worker-pool] submitWork(triggerId=us-central1-helloWorld) {"metadata":{"emulator":{"name":"functions"},"message":"[worker-pool] submitWork(triggerId=us-central1-helloWorld)"}}
[debug] [2022-06-03T20:55:36.114Z] [worker-us-central1-helloWorld-a9642003-4f86-440d-9035-fb842517785a]: Assigning socketPath: /tmp/fire_emu_144055.sock {"metadata":{"emulator":{"name":"functions"},"message":"[worker-us-central1-helloWorld-a9642003-4f86-440d-9035-fb842517785a]: Assigning socketPath: /tmp/fire_emu_144055.sock"}}
[debug] [2022-06-03T20:55:36.114Z] [worker-us-central1-helloWorld-a9642003-4f86-440d-9035-fb842517785a]: BUSY {"metadata":{"emulator":{"name":"functions"},"message":"[worker-us-central1-helloWorld-a9642003-4f86-440d-9035-fb842517785a]: BUSY"}}
[debug] [2022-06-03T20:55:36.931Z] [runtime-status] [144055] Functions runtime initialized. {"cwd":"/home/paraqvariai3/Escritorio/PROYECTOS/aeroProyecto/back-aero-marina/functions","node_version":"16.13.2"} {"metadata":{"emulator":{"name":"functions"},"function":{"name":"us-central1-helloWorld"},"extension":{},"message":"[runtime-status] [144055] Functions runtime initialized. {\"cwd\":\"/home/paraqvariai3/Escritorio/PROYECTOS/aeroProyecto/back-aero-marina/functions\",\"node_version\":\"16.13.2\"}"}}
[debug] [2022-06-03T20:55:36.931Z] [runtime-status] [144055] Disabled runtime features: undefined {"metadata":{"emulator":{"name":"functions"},"function":{"name":"us-central1-helloWorld"},"extension":{},"message":"[runtime-status] [144055] Disabled runtime features: undefined"}}
[debug] [2022-06-03T20:55:36.934Z] [runtime-status] [144055] Resolved module firebase-admin {"declared":true,"installed":true,"version":"10.2.0","resolution":"/home/paraqvariai3/Escritorio/PROYECTOS/aeroProyecto/back-aero-marina/functions/node_modules/firebase-admin/lib/index.js"} {"metadata":{"emulator":{"name":"functions"},"function":{"name":"us-central1-helloWorld"},"extension":{},"message":"[runtime-status] [144055] Resolved module firebase-admin {\"declared\":true,\"installed\":true,\"version\":\"10.2.0\",\"resolution\":\"/home/paraqvariai3/Escritorio/PROYECTOS/aeroProyecto/back-aero-marina/functions/node_modules/firebase-admin/lib/index.js\"}"}}
[debug] [2022-06-03T20:55:36.937Z] [runtime-status] [144055] Resolved module firebase-functions {"declared":true,"installed":true,"version":"3.21.2","resolution":"/home/paraqvariai3/Escritorio/PROYECTOS/aeroProyecto/back-aero-marina/functions/node_modules/firebase-functions/lib/index.js"} {"metadata":{"emulator":{"name":"functions"},"function":{"name":"us-central1-helloWorld"},"extension":{},"message":"[runtime-status] [144055] Resolved module firebase-functions {\"declared\":true,\"installed\":true,\"version\":\"3.21.2\",\"resolution\":\"/home/paraqvariai3/Escritorio/PROYECTOS/aeroProyecto/back-aero-marina/functions/node_modules/firebase-functions/lib/index.js\"}"}}
[debug] [2022-06-03T20:55:36.938Z] [runtime-status] [144055] Outgoing network have been stubbed. [{"name":"http","status":"mocked"},{"name":"http","status":"mocked"},{"name":"https","status":"mocked"},{"name":"https","status":"mocked"},{"name":"net","status":"mocked"}] {"metadata":{"emulator":{"name":"functions"},"function":{"name":"us-central1-helloWorld"},"extension":{},"message":"[runtime-status] [144055] Outgoing network have been stubbed. [{\"name\":\"http\",\"status\":\"mocked\"},{\"name\":\"http\",\"status\":\"mocked\"},{\"name\":\"https\",\"status\":\"mocked\"},{\"name\":\"https\",\"status\":\"mocked\"},{\"name\":\"net\",\"status\":\"mocked\"}]"}}
[debug] [2022-06-03T20:55:36.939Z] [runtime-status] [144055] Resolved module firebase-functions {"declared":true,"installed":true,"version":"3.21.2","resolution":"/home/paraqvariai3/Escritorio/PROYECTOS/aeroProyecto/back-aero-marina/functions/node_modules/firebase-functions/lib/index.js"} {"metadata":{"emulator":{"name":"functions"},"function":{"name":"us-central1-helloWorld"},"extension":{},"message":"[runtime-status] [144055] Resolved module firebase-functions {\"declared\":true,\"installed\":true,\"version\":\"3.21.2\",\"resolution\":\"/home/paraqvariai3/Escritorio/PROYECTOS/aeroProyecto/back-aero-marina/functions/node_modules/firebase-functions/lib/index.js\"}"}}
[debug] [2022-06-03T20:55:36.964Z] [runtime-status] [144055] Checked functions.config() {"config":{}} {"metadata":{"emulator":{"name":"functions"},"function":{"name":"us-central1-helloWorld"},"extension":{},"message":"[runtime-status] [144055] Checked functions.config() {\"config\":{}}"}}
[debug] [2022-06-03T20:55:36.964Z] [runtime-status] [144055] firebase-functions has been stubbed. {"functionsResolution":{"declared":true,"installed":true,"version":"3.21.2","resolution":"/home/paraqvariai3/Escritorio/PROYECTOS/aeroProyecto/back-aero-marina/functions/node_modules/firebase-functions/lib/index.js"}} {"metadata":{"emulator":{"name":"functions"},"function":{"name":"us-central1-helloWorld"},"extension":{},"message":"[runtime-status] [144055] firebase-functions has been stubbed. {\"functionsResolution\":{\"declared\":true,\"installed\":true,\"version\":\"3.21.2\",\"resolution\":\"/home/paraqvariai3/Escritorio/PROYECTOS/aeroProyecto/back-aero-marina/functions/node_modules/firebase-functions/lib/index.js\"}}"}}
[debug] [2022-06-03T20:55:36.965Z] [runtime-status] [144055] Resolved module firebase-functions {"declared":true,"installed":true,"version":"3.21.2","resolution":"/home/paraqvariai3/Escritorio/PROYECTOS/aeroProyecto/back-aero-marina/functions/node_modules/firebase-functions/lib/index.js"} {"metadata":{"emulator":{"name":"functions"},"function":{"name":"us-central1-helloWorld"},"extension":{},"message":"[runtime-status] [144055] Resolved module firebase-functions {\"declared\":true,\"installed\":true,\"version\":\"3.21.2\",\"resolution\":\"/home/paraqvariai3/Escritorio/PROYECTOS/aeroProyecto/back-aero-marina/functions/node_modules/firebase-functions/lib/index.js\"}"}}
[debug] [2022-06-03T20:55:36.966Z] [runtime-status] [144055] Resolved module firebase-admin {"declared":true,"installed":true,"version":"10.2.0","resolution":"/home/paraqvariai3/Escritorio/PROYECTOS/aeroProyecto/back-aero-marina/functions/node_modules/firebase-admin/lib/index.js"} {"metadata":{"emulator":{"name":"functions"},"function":{"name":"us-central1-helloWorld"},"extension":{},"message":"[runtime-status] [144055] Resolved module firebase-admin {\"declared\":true,\"installed\":true,\"version\":\"10.2.0\",\"resolution\":\"/home/paraqvariai3/Escritorio/PROYECTOS/aeroProyecto/back-aero-marina/functions/node_modules/firebase-admin/lib/index.js\"}"}}
[debug] [2022-06-03T20:55:36.967Z] [runtime-status] [144055] Resolved module firebase-functions {"declared":true,"installed":true,"version":"3.21.2","resolution":"/home/paraqvariai3/Escritorio/PROYECTOS/aeroProyecto/back-aero-marina/functions/node_modules/firebase-functions/lib/index.js"} {"metadata":{"emulator":{"name":"functions"},"function":{"name":"us-central1-helloWorld"},"extension":{},"message":"[runtime-status] [144055] Resolved module firebase-functions {\"declared\":true,\"installed\":true,\"version\":\"3.21.2\",\"resolution\":\"/home/paraqvariai3/Escritorio/PROYECTOS/aeroProyecto/back-aero-marina/functions/node_modules/firebase-functions/lib/index.js\"}"}}
[debug] [2022-06-03T20:55:36.968Z] [runtime-status] [144055] firebase-admin has been stubbed. {"adminResolution":{"declared":true,"installed":true,"version":"10.2.0","resolution":"/home/paraqvariai3/Escritorio/PROYECTOS/aeroProyecto/back-aero-marina/functions/node_modules/firebase-admin/lib/index.js"}} {"metadata":{"emulator":{"name":"functions"},"function":{"name":"us-central1-helloWorld"},"extension":{},"message":"[runtime-status] [144055] firebase-admin has been stubbed. {\"adminResolution\":{\"declared\":true,\"installed\":true,\"version\":\"10.2.0\",\"resolution\":\"/home/paraqvariai3/Escritorio/PROYECTOS/aeroProyecto/back-aero-marina/functions/node_modules/firebase-admin/lib/index.js\"}}"}}
[debug] [2022-06-03T20:55:36.968Z] [runtime-status] [144055] Beginning invocation function helloWorld! {"metadata":{"emulator":{"name":"functions"},"function":{"name":"us-central1-helloWorld"},"extension":{},"message":"[runtime-status] [144055] Beginning invocation function helloWorld!"}}
[info] i  functions: Beginning execution of "helloWorld" {"metadata":{"emulator":{"name":"functions"},"function":{"name":"us-central1-helloWorld"},"extension":{},"message":"Beginning execution of \"helloWorld\""}}
[debug] [2022-06-03T20:55:36.969Z] [runtime-status] [144055] Running helloWorld in signature http {"metadata":{"emulator":{"name":"functions"},"function":{"name":"us-central1-helloWorld"},"extension":{},"message":"[runtime-status] [144055] Running helloWorld in signature http"}}
[debug] [2022-06-03T20:55:36.972Z] [runtime-status] [144055] Attempting to listen to socketPath: /tmp/fire_emu_144055.sock {"metadata":{"emulator":{"name":"functions"},"function":{"name":"us-central1-helloWorld"},"extension":{},"message":"[runtime-status] [144055] Attempting to listen to socketPath: /tmp/fire_emu_144055.sock"}}
[debug] [2022-06-03T20:55:36.975Z] [functions] Runtime ready! Sending request! {"metadata":{"emulator":{"name":"functions"},"message":"[functions] Runtime ready! Sending request!"}}
[debug] [2022-06-03T20:55:36.976Z] [functions] Got req.url=/back-aero-marina/us-central1/helloWorld, mapping to path=/ {"metadata":{"emulator":{"name":"functions"},"message":"[functions] Got req.url=/back-aero-marina/us-central1/helloWorld, mapping to path=/"}}
[debug] [2022-06-03T20:55:36.981Z] [runtime-status] [144055] Ephemeral server handling GET request {"metadata":{"emulator":{"name":"functions"},"function":{"name":"us-central1-helloWorld"},"extension":{},"message":"[runtime-status] [144055] Ephemeral server handling GET request"}}
[info] >  {"structuredData":true,"severity":"INFO","message":"Hello logs!"} {"user":{"structuredData":true,"severity":"INFO","message":"Hello logs!"},"metadata":{"emulator":{"name":"functions"},"function":{"name":"us-central1-helloWorld"},"extension":{},"message":"\u001b[90m> \u001b[39m {\"structuredData\":true,\"severity\":\"INFO\",\"message\":\"Hello logs!\"}"}}
[debug] [2022-06-03T20:55:36.991Z] [runtime-status] [144055] Ephemeral server survived. {"metadata":{"emulator":{"name":"functions"},"function":{"name":"us-central1-helloWorld"},"extension":{},"message":"[runtime-status] [144055] Ephemeral server survived."}}
[info] i  functions: Finished "helloWorld" in ~1s {"metadata":{"emulator":{"name":"functions"},"function":{"name":"us-central1-helloWorld"},"extension":{},"message":"Finished \"helloWorld\" in ~1s"}}
[debug] [2022-06-03T20:55:36.992Z] [worker-us-central1-helloWorld-a9642003-4f86-440d-9035-fb842517785a]: IDLE {"metadata":{"emulator":{"name":"functions"},"message":"[worker-us-central1-helloWorld-a9642003-4f86-440d-9035-fb842517785a]: IDLE"}}
[debug] [2022-06-03T20:55:36.993Z] [work-queue] {"queueLength":0,"workRunningCount":0}
[debug] [2022-06-03T20:55:37.056Z] Functions emulator received unknown request at path /favicon.ico
[debug] [2022-06-03T20:56:18.781Z] [work-queue] {"queueLength":1,"workRunningCount":0}
[debug] [2022-06-03T20:56:18.781Z] [work-queue] {"queueLength":0,"workRunningCount":1}
[debug] [2022-06-03T20:56:18.781Z] Accepted request GET /back-aero-marina/us-central1/helloWorld --> us-central1-helloWorld
[debug] [2022-06-03T20:56:18.781Z] [worker-pool] submitWork(triggerId=us-central1-helloWorld) {"metadata":{"emulator":{"name":"functions"},"message":"[worker-pool] submitWork(triggerId=us-central1-helloWorld)"}}
[debug] [2022-06-03T20:56:18.781Z] [worker-us-central1-helloWorld-a9642003-4f86-440d-9035-fb842517785a]: Assigning socketPath: /tmp/fire_emu_144055.sock {"metadata":{"emulator":{"name":"functions"},"message":"[worker-us-central1-helloWorld-a9642003-4f86-440d-9035-fb842517785a]: Assigning socketPath: /tmp/fire_emu_144055.sock"}}
[debug] [2022-06-03T20:56:18.782Z] [worker-us-central1-helloWorld-a9642003-4f86-440d-9035-fb842517785a]: BUSY {"metadata":{"emulator":{"name":"functions"},"message":"[worker-us-central1-helloWorld-a9642003-4f86-440d-9035-fb842517785a]: BUSY"}}
[debug] [2022-06-03T20:56:18.783Z] [runtime-status] [144055] Beginning invocation function helloWorld! {"metadata":{"emulator":{"name":"functions"},"function":{"name":"us-central1-helloWorld"},"extension":{},"message":"[runtime-status] [144055] Beginning invocation function helloWorld!"}}
[info] i  functions: Beginning execution of "helloWorld" {"metadata":{"emulator":{"name":"functions"},"function":{"name":"us-central1-helloWorld"},"extension":{},"message":"Beginning execution of \"helloWorld\""}}
[debug] [2022-06-03T20:56:18.783Z] [runtime-status] [144055] Running helloWorld in signature http {"metadata":{"emulator":{"name":"functions"},"function":{"name":"us-central1-helloWorld"},"extension":{},"message":"[runtime-status] [144055] Running helloWorld in signature http"}}
[debug] [2022-06-03T20:56:18.784Z] [runtime-status] [144055] Attempting to listen to socketPath: /tmp/fire_emu_144055.sock {"metadata":{"emulator":{"name":"functions"},"function":{"name":"us-central1-helloWorld"},"extension":{},"message":"[runtime-status] [144055] Attempting to listen to socketPath: /tmp/fire_emu_144055.sock"}}
[debug] [2022-06-03T20:56:18.786Z] [functions] Runtime ready! Sending request! {"metadata":{"emulator":{"name":"functions"},"message":"[functions] Runtime ready! Sending request!"}}
[debug] [2022-06-03T20:56:18.787Z] [functions] Got req.url=/back-aero-marina/us-central1/helloWorld, mapping to path=/ {"metadata":{"emulator":{"name":"functions"},"message":"[functions] Got req.url=/back-aero-marina/us-central1/helloWorld, mapping to path=/"}}
[debug] [2022-06-03T20:56:18.790Z] [runtime-status] [144055] Ephemeral server handling GET request {"metadata":{"emulator":{"name":"functions"},"function":{"name":"us-central1-helloWorld"},"extension":{},"message":"[runtime-status] [144055] Ephemeral server handling GET request"}}
[info] >  {"structuredData":true,"severity":"INFO","message":"Hello logs!"} {"user":{"structuredData":true,"severity":"INFO","message":"Hello logs!"},"metadata":{"emulator":{"name":"functions"},"function":{"name":"us-central1-helloWorld"},"extension":{},"message":"\u001b[90m> \u001b[39m {\"structuredData\":true,\"severity\":\"INFO\",\"message\":\"Hello logs!\"}"}}
[debug] [2022-06-03T20:56:18.792Z] [runtime-status] [144055] Ephemeral server survived. {"metadata":{"emulator":{"name":"functions"},"function":{"name":"us-central1-helloWorld"},"extension":{},"message":"[runtime-status] [144055] Ephemeral server survived."}}
[info] i  functions: Finished "helloWorld" in ~1s {"metadata":{"emulator":{"name":"functions"},"function":{"name":"us-central1-helloWorld"},"extension":{},"message":"Finished \"helloWorld\" in ~1s"}}
[debug] [2022-06-03T20:56:18.793Z] [worker-us-central1-helloWorld-a9642003-4f86-440d-9035-fb842517785a]: IDLE {"metadata":{"emulator":{"name":"functions"},"message":"[worker-us-central1-helloWorld-a9642003-4f86-440d-9035-fb842517785a]: IDLE"}}
[debug] [2022-06-03T20:56:18.793Z] [work-queue] {"queueLength":0,"workRunningCount":0}
[debug] [2022-06-03T20:56:21.416Z] [work-queue] {"queueLength":1,"workRunningCount":0}
[debug] [2022-06-03T20:56:21.416Z] [work-queue] {"queueLength":0,"workRunningCount":1}
[debug] [2022-06-03T20:56:21.416Z] Accepted request GET /back-aero-marina/us-central1/helloWorld --> us-central1-helloWorld
[debug] [2022-06-03T20:56:21.416Z] [worker-pool] submitWork(triggerId=us-central1-helloWorld) {"metadata":{"emulator":{"name":"functions"},"message":"[worker-pool] submitWork(triggerId=us-central1-helloWorld)"}}
[debug] [2022-06-03T20:56:21.417Z] [worker-us-central1-helloWorld-a9642003-4f86-440d-9035-fb842517785a]: Assigning socketPath: /tmp/fire_emu_144055.sock {"metadata":{"emulator":{"name":"functions"},"message":"[worker-us-central1-helloWorld-a9642003-4f86-440d-9035-fb842517785a]: Assigning socketPath: /tmp/fire_emu_144055.sock"}}
[debug] [2022-06-03T20:56:21.417Z] [worker-us-central1-helloWorld-a9642003-4f86-440d-9035-fb842517785a]: BUSY {"metadata":{"emulator":{"name":"functions"},"message":"[worker-us-central1-helloWorld-a9642003-4f86-440d-9035-fb842517785a]: BUSY"}}
[debug] [2022-06-03T20:56:21.417Z] [runtime-status] [144055] Beginning invocation function helloWorld! {"metadata":{"emulator":{"name":"functions"},"function":{"name":"us-central1-helloWorld"},"extension":{},"message":"[runtime-status] [144055] Beginning invocation function helloWorld!"}}
[info] i  functions: Beginning execution of "helloWorld" {"metadata":{"emulator":{"name":"functions"},"function":{"name":"us-central1-helloWorld"},"extension":{},"message":"Beginning execution of \"helloWorld\""}}
[debug] [2022-06-03T20:56:21.418Z] [runtime-status] [144055] Running helloWorld in signature http {"metadata":{"emulator":{"name":"functions"},"function":{"name":"us-central1-helloWorld"},"extension":{},"message":"[runtime-status] [144055] Running helloWorld in signature http"}}
[debug] [2022-06-03T20:56:21.420Z] [runtime-status] [144055] Attempting to listen to socketPath: /tmp/fire_emu_144055.sock {"metadata":{"emulator":{"name":"functions"},"function":{"name":"us-central1-helloWorld"},"extension":{},"message":"[runtime-status] [144055] Attempting to listen to socketPath: /tmp/fire_emu_144055.sock"}}
[debug] [2022-06-03T20:56:21.420Z] [functions] Runtime ready! Sending request! {"metadata":{"emulator":{"name":"functions"},"message":"[functions] Runtime ready! Sending request!"}}
[debug] [2022-06-03T20:56:21.421Z] [functions] Got req.url=/back-aero-marina/us-central1/helloWorld, mapping to path=/ {"metadata":{"emulator":{"name":"functions"},"message":"[functions] Got req.url=/back-aero-marina/us-central1/helloWorld, mapping to path=/"}}
[debug] [2022-06-03T20:56:21.423Z] [runtime-status] [144055] Ephemeral server handling GET request {"metadata":{"emulator":{"name":"functions"},"function":{"name":"us-central1-helloWorld"},"extension":{},"message":"[runtime-status] [144055] Ephemeral server handling GET request"}}
[info] >  {"structuredData":true,"severity":"INFO","message":"Hello logs!"} {"user":{"structuredData":true,"severity":"INFO","message":"Hello logs!"},"metadata":{"emulator":{"name":"functions"},"function":{"name":"us-central1-helloWorld"},"extension":{},"message":"\u001b[90m> \u001b[39m {\"structuredData\":true,\"severity\":\"INFO\",\"message\":\"Hello logs!\"}"}}
[debug] [2022-06-03T20:56:21.426Z] [runtime-status] [144055] Ephemeral server survived. {"metadata":{"emulator":{"name":"functions"},"function":{"name":"us-central1-helloWorld"},"extension":{},"message":"[runtime-status] [144055] Ephemeral server survived."}}
[info] i  functions: Finished "helloWorld" in ~1s {"metadata":{"emulator":{"name":"functions"},"function":{"name":"us-central1-helloWorld"},"extension":{},"message":"Finished \"helloWorld\" in ~1s"}}
[debug] [2022-06-03T20:56:21.427Z] [worker-us-central1-helloWorld-a9642003-4f86-440d-9035-fb842517785a]: IDLE {"metadata":{"emulator":{"name":"functions"},"message":"[worker-us-central1-helloWorld-a9642003-4f86-440d-9035-fb842517785a]: IDLE"}}
[debug] [2022-06-03T20:56:21.427Z] [work-queue] {"queueLength":0,"workRunningCount":0}
[debug] [2022-06-03T20:56:21.561Z] [work-queue] {"queueLength":1,"workRunningCount":0}
[debug] [2022-06-03T20:56:21.561Z] [work-queue] {"queueLength":0,"workRunningCount":1}
[debug] [2022-06-03T20:56:21.561Z] Accepted request GET /back-aero-marina/us-central1/helloWorld --> us-central1-helloWorld
[debug] [2022-06-03T20:56:21.561Z] [worker-pool] submitWork(triggerId=us-central1-helloWorld) {"metadata":{"emulator":{"name":"functions"},"message":"[worker-pool] submitWork(triggerId=us-central1-helloWorld)"}}
[debug] [2022-06-03T20:56:21.562Z] [worker-us-central1-helloWorld-a9642003-4f86-440d-9035-fb842517785a]: Assigning socketPath: /tmp/fire_emu_144055.sock {"metadata":{"emulator":{"name":"functions"},"message":"[worker-us-central1-helloWorld-a9642003-4f86-440d-9035-fb842517785a]: Assigning socketPath: /tmp/fire_emu_144055.sock"}}
[debug] [2022-06-03T20:56:21.562Z] [worker-us-central1-helloWorld-a9642003-4f86-440d-9035-fb842517785a]: BUSY {"metadata":{"emulator":{"name":"functions"},"message":"[worker-us-central1-helloWorld-a9642003-4f86-440d-9035-fb842517785a]: BUSY"}}
[debug] [2022-06-03T20:56:21.563Z] [runtime-status] [144055] Beginning invocation function helloWorld! {"metadata":{"emulator":{"name":"functions"},"function":{"name":"us-central1-helloWorld"},"extension":{},"message":"[runtime-status] [144055] Beginning invocation function helloWorld!"}}
[info] i  functions: Beginning execution of "helloWorld" {"metadata":{"emulator":{"name":"functions"},"function":{"name":"us-central1-helloWorld"},"extension":{},"message":"Beginning execution of \"helloWorld\""}}
[debug] [2022-06-03T20:56:21.564Z] [runtime-status] [144055] Running helloWorld in signature http {"metadata":{"emulator":{"name":"functions"},"function":{"name":"us-central1-helloWorld"},"extension":{},"message":"[runtime-status] [144055] Running helloWorld in signature http"}}
[debug] [2022-06-03T20:56:21.564Z] [runtime-status] [144055] Attempting to listen to socketPath: /tmp/fire_emu_144055.sock {"metadata":{"emulator":{"name":"functions"},"function":{"name":"us-central1-helloWorld"},"extension":{},"message":"[runtime-status] [144055] Attempting to listen to socketPath: /tmp/fire_emu_144055.sock"}}
[debug] [2022-06-03T20:56:21.565Z] [functions] Runtime ready! Sending request! {"metadata":{"emulator":{"name":"functions"},"message":"[functions] Runtime ready! Sending request!"}}
[debug] [2022-06-03T20:56:21.565Z] [functions] Got req.url=/back-aero-marina/us-central1/helloWorld, mapping to path=/ {"metadata":{"emulator":{"name":"functions"},"message":"[functions] Got req.url=/back-aero-marina/us-central1/helloWorld, mapping to path=/"}}
[debug] [2022-06-03T20:56:21.566Z] [runtime-status] [144055] Ephemeral server handling GET request {"metadata":{"emulator":{"name":"functions"},"function":{"name":"us-central1-helloWorld"},"extension":{},"message":"[runtime-status] [144055] Ephemeral server handling GET request"}}
[info] >  {"structuredData":true,"severity":"INFO","message":"Hello logs!"} {"user":{"structuredData":true,"severity":"INFO","message":"Hello logs!"},"metadata":{"emulator":{"name":"functions"},"function":{"name":"us-central1-helloWorld"},"extension":{},"message":"\u001b[90m> \u001b[39m {\"structuredData\":true,\"severity\":\"INFO\",\"message\":\"Hello logs!\"}"}}
[debug] [2022-06-03T20:56:21.569Z] [runtime-status] [144055] Ephemeral server survived. {"metadata":{"emulator":{"name":"functions"},"function":{"name":"us-central1-helloWorld"},"extension":{},"message":"[runtime-status] [144055] Ephemeral server survived."}}
[info] i  functions: Finished "helloWorld" in ~1s {"metadata":{"emulator":{"name":"functions"},"function":{"name":"us-central1-helloWorld"},"extension":{},"message":"Finished \"helloWorld\" in ~1s"}}
[debug] [2022-06-03T20:56:21.570Z] [worker-us-central1-helloWorld-a9642003-4f86-440d-9035-fb842517785a]: IDLE {"metadata":{"emulator":{"name":"functions"},"message":"[worker-us-central1-helloWorld-a9642003-4f86-440d-9035-fb842517785a]: IDLE"}}
[debug] [2022-06-03T20:56:21.571Z] [work-queue] {"queueLength":0,"workRunningCount":0}
[debug] [2022-06-03T20:56:21.735Z] [work-queue] {"queueLength":1,"workRunningCount":0}
[debug] [2022-06-03T20:56:21.735Z] [work-queue] {"queueLength":0,"workRunningCount":1}
[debug] [2022-06-03T20:56:21.736Z] Accepted request GET /back-aero-marina/us-central1/helloWorld --> us-central1-helloWorld
[debug] [2022-06-03T20:56:21.736Z] [worker-pool] submitWork(triggerId=us-central1-helloWorld) {"metadata":{"emulator":{"name":"functions"},"message":"[worker-pool] submitWork(triggerId=us-central1-helloWorld)"}}
[debug] [2022-06-03T20:56:21.736Z] [worker-us-central1-helloWorld-a9642003-4f86-440d-9035-fb842517785a]: Assigning socketPath: /tmp/fire_emu_144055.sock {"metadata":{"emulator":{"name":"functions"},"message":"[worker-us-central1-helloWorld-a9642003-4f86-440d-9035-fb842517785a]: Assigning socketPath: /tmp/fire_emu_144055.sock"}}
[debug] [2022-06-03T20:56:21.736Z] [worker-us-central1-helloWorld-a9642003-4f86-440d-9035-fb842517785a]: BUSY {"metadata":{"emulator":{"name":"functions"},"message":"[worker-us-central1-helloWorld-a9642003-4f86-440d-9035-fb842517785a]: BUSY"}}
[debug] [2022-06-03T20:56:21.738Z] [runtime-status] [144055] Beginning invocation function helloWorld! {"metadata":{"emulator":{"name":"functions"},"function":{"name":"us-central1-helloWorld"},"extension":{},"message":"[runtime-status] [144055] Beginning invocation function helloWorld!"}}
[info] i  functions: Beginning execution of "helloWorld" {"metadata":{"emulator":{"name":"functions"},"function":{"name":"us-central1-helloWorld"},"extension":{},"message":"Beginning execution of \"helloWorld\""}}
[debug] [2022-06-03T20:56:21.738Z] [runtime-status] [144055] Running helloWorld in signature http {"metadata":{"emulator":{"name":"functions"},"function":{"name":"us-central1-helloWorld"},"extension":{},"message":"[runtime-status] [144055] Running helloWorld in signature http"}}
[debug] [2022-06-03T20:56:21.739Z] [runtime-status] [144055] Attempting to listen to socketPath: /tmp/fire_emu_144055.sock {"metadata":{"emulator":{"name":"functions"},"function":{"name":"us-central1-helloWorld"},"extension":{},"message":"[runtime-status] [144055] Attempting to listen to socketPath: /tmp/fire_emu_144055.sock"}}
[debug] [2022-06-03T20:56:21.739Z] [functions] Runtime ready! Sending request! {"metadata":{"emulator":{"name":"functions"},"message":"[functions] Runtime ready! Sending request!"}}
[debug] [2022-06-03T20:56:21.740Z] [functions] Got req.url=/back-aero-marina/us-central1/helloWorld, mapping to path=/ {"metadata":{"emulator":{"name":"functions"},"message":"[functions] Got req.url=/back-aero-marina/us-central1/helloWorld, mapping to path=/"}}
[debug] [2022-06-03T20:56:21.742Z] [runtime-status] [144055] Ephemeral server handling GET request {"metadata":{"emulator":{"name":"functions"},"function":{"name":"us-central1-helloWorld"},"extension":{},"message":"[runtime-status] [144055] Ephemeral server handling GET request"}}
[info] >  {"structuredData":true,"severity":"INFO","message":"Hello logs!"} {"user":{"structuredData":true,"severity":"INFO","message":"Hello logs!"},"metadata":{"emulator":{"name":"functions"},"function":{"name":"us-central1-helloWorld"},"extension":{},"message":"\u001b[90m> \u001b[39m {\"structuredData\":true,\"severity\":\"INFO\",\"message\":\"Hello logs!\"}"}}
[debug] [2022-06-03T20:56:21.743Z] [runtime-status] [144055] Ephemeral server survived. {"metadata":{"emulator":{"name":"functions"},"function":{"name":"us-central1-helloWorld"},"extension":{},"message":"[runtime-status] [144055] Ephemeral server survived."}}
[info] i  functions: Finished "helloWorld" in ~1s {"metadata":{"emulator":{"name":"functions"},"function":{"name":"us-central1-helloWorld"},"extension":{},"message":"Finished \"helloWorld\" in ~1s"}}
[debug] [2022-06-03T20:56:21.744Z] [worker-us-central1-helloWorld-a9642003-4f86-440d-9035-fb842517785a]: IDLE {"metadata":{"emulator":{"name":"functions"},"message":"[worker-us-central1-helloWorld-a9642003-4f86-440d-9035-fb842517785a]: IDLE"}}
[debug] [2022-06-03T20:56:21.744Z] [work-queue] {"queueLength":0,"workRunningCount":0}
[debug] [2022-06-03T20:56:21.893Z] [work-queue] {"queueLength":1,"workRunningCount":0}
[debug] [2022-06-03T20:56:21.893Z] [work-queue] {"queueLength":0,"workRunningCount":1}
[debug] [2022-06-03T20:56:21.893Z] Accepted request GET /back-aero-marina/us-central1/helloWorld --> us-central1-helloWorld
[debug] [2022-06-03T20:56:21.893Z] [worker-pool] submitWork(triggerId=us-central1-helloWorld) {"metadata":{"emulator":{"name":"functions"},"message":"[worker-pool] submitWork(triggerId=us-central1-helloWorld)"}}
[debug] [2022-06-03T20:56:21.893Z] [worker-us-central1-helloWorld-a9642003-4f86-440d-9035-fb842517785a]: Assigning socketPath: /tmp/fire_emu_144055.sock {"metadata":{"emulator":{"name":"functions"},"message":"[worker-us-central1-helloWorld-a9642003-4f86-440d-9035-fb842517785a]: Assigning socketPath: /tmp/fire_emu_144055.sock"}}
[debug] [2022-06-03T20:56:21.893Z] [worker-us-central1-helloWorld-a9642003-4f86-440d-9035-fb842517785a]: BUSY {"metadata":{"emulator":{"name":"functions"},"message":"[worker-us-central1-helloWorld-a9642003-4f86-440d-9035-fb842517785a]: BUSY"}}
[debug] [2022-06-03T20:56:21.894Z] [runtime-status] [144055] Beginning invocation function helloWorld! {"metadata":{"emulator":{"name":"functions"},"function":{"name":"us-central1-helloWorld"},"extension":{},"message":"[runtime-status] [144055] Beginning invocation function helloWorld!"}}
[info] i  functions: Beginning execution of "helloWorld" {"metadata":{"emulator":{"name":"functions"},"function":{"name":"us-central1-helloWorld"},"extension":{},"message":"Beginning execution of \"helloWorld\""}}
[debug] [2022-06-03T20:56:21.894Z] [runtime-status] [144055] Running helloWorld in signature http {"metadata":{"emulator":{"name":"functions"},"function":{"name":"us-central1-helloWorld"},"extension":{},"message":"[runtime-status] [144055] Running helloWorld in signature http"}}
[debug] [2022-06-03T20:56:21.894Z] [runtime-status] [144055] Attempting to listen to socketPath: /tmp/fire_emu_144055.sock {"metadata":{"emulator":{"name":"functions"},"function":{"name":"us-central1-helloWorld"},"extension":{},"message":"[runtime-status] [144055] Attempting to listen to socketPath: /tmp/fire_emu_144055.sock"}}
[debug] [2022-06-03T20:56:21.895Z] [functions] Runtime ready! Sending request! {"metadata":{"emulator":{"name":"functions"},"message":"[functions] Runtime ready! Sending request!"}}
[debug] [2022-06-03T20:56:21.895Z] [functions] Got req.url=/back-aero-marina/us-central1/helloWorld, mapping to path=/ {"metadata":{"emulator":{"name":"functions"},"message":"[functions] Got req.url=/back-aero-marina/us-central1/helloWorld, mapping to path=/"}}
[debug] [2022-06-03T20:56:21.897Z] [runtime-status] [144055] Ephemeral server handling GET request {"metadata":{"emulator":{"name":"functions"},"function":{"name":"us-central1-helloWorld"},"extension":{},"message":"[runtime-status] [144055] Ephemeral server handling GET request"}}
[info] >  {"structuredData":true,"severity":"INFO","message":"Hello logs!"} {"user":{"structuredData":true,"severity":"INFO","message":"Hello logs!"},"metadata":{"emulator":{"name":"functions"},"function":{"name":"us-central1-helloWorld"},"extension":{},"message":"\u001b[90m> \u001b[39m {\"structuredData\":true,\"severity\":\"INFO\",\"message\":\"Hello logs!\"}"}}
[debug] [2022-06-03T20:56:21.898Z] [runtime-status] [144055] Ephemeral server survived. {"metadata":{"emulator":{"name":"functions"},"function":{"name":"us-central1-helloWorld"},"extension":{},"message":"[runtime-status] [144055] Ephemeral server survived."}}
[info] i  functions: Finished "helloWorld" in ~1s {"metadata":{"emulator":{"name":"functions"},"function":{"name":"us-central1-helloWorld"},"extension":{},"message":"Finished \"helloWorld\" in ~1s"}}
[debug] [2022-06-03T20:56:21.899Z] [worker-us-central1-helloWorld-a9642003-4f86-440d-9035-fb842517785a]: IDLE {"metadata":{"emulator":{"name":"functions"},"message":"[worker-us-central1-helloWorld-a9642003-4f86-440d-9035-fb842517785a]: IDLE"}}
[debug] [2022-06-03T20:56:21.899Z] [work-queue] {"queueLength":0,"workRunningCount":0}
[debug] [2022-06-03T20:56:22.047Z] [work-queue] {"queueLength":1,"workRunningCount":0}
[debug] [2022-06-03T20:56:22.047Z] [work-queue] {"queueLength":0,"workRunningCount":1}
[debug] [2022-06-03T20:56:22.047Z] Accepted request GET /back-aero-marina/us-central1/helloWorld --> us-central1-helloWorld
[debug] [2022-06-03T20:56:22.047Z] [worker-pool] submitWork(triggerId=us-central1-helloWorld) {"metadata":{"emulator":{"name":"functions"},"message":"[worker-pool] submitWork(triggerId=us-central1-helloWorld)"}}
[debug] [2022-06-03T20:56:22.047Z] [worker-us-central1-helloWorld-a9642003-4f86-440d-9035-fb842517785a]: Assigning socketPath: /tmp/fire_emu_144055.sock {"metadata":{"emulator":{"name":"functions"},"message":"[worker-us-central1-helloWorld-a9642003-4f86-440d-9035-fb842517785a]: Assigning socketPath: /tmp/fire_emu_144055.sock"}}
[debug] [2022-06-03T20:56:22.047Z] [worker-us-central1-helloWorld-a9642003-4f86-440d-9035-fb842517785a]: BUSY {"metadata":{"emulator":{"name":"functions"},"message":"[worker-us-central1-helloWorld-a9642003-4f86-440d-9035-fb842517785a]: BUSY"}}
[debug] [2022-06-03T20:56:22.048Z] [runtime-status] [144055] Beginning invocation function helloWorld! {"metadata":{"emulator":{"name":"functions"},"function":{"name":"us-central1-helloWorld"},"extension":{},"message":"[runtime-status] [144055] Beginning invocation function helloWorld!"}}
[info] i  functions: Beginning execution of "helloWorld" {"metadata":{"emulator":{"name":"functions"},"function":{"name":"us-central1-helloWorld"},"extension":{},"message":"Beginning execution of \"helloWorld\""}}
[debug] [2022-06-03T20:56:22.048Z] [runtime-status] [144055] Running helloWorld in signature http {"metadata":{"emulator":{"name":"functions"},"function":{"name":"us-central1-helloWorld"},"extension":{},"message":"[runtime-status] [144055] Running helloWorld in signature http"}}
[debug] [2022-06-03T20:56:22.049Z] [runtime-status] [144055] Attempting to listen to socketPath: /tmp/fire_emu_144055.sock {"metadata":{"emulator":{"name":"functions"},"function":{"name":"us-central1-helloWorld"},"extension":{},"message":"[runtime-status] [144055] Attempting to listen to socketPath: /tmp/fire_emu_144055.sock"}}
[debug] [2022-06-03T20:56:22.049Z] [functions] Runtime ready! Sending request! {"metadata":{"emulator":{"name":"functions"},"message":"[functions] Runtime ready! Sending request!"}}
[debug] [2022-06-03T20:56:22.049Z] [functions] Got req.url=/back-aero-marina/us-central1/helloWorld, mapping to path=/ {"metadata":{"emulator":{"name":"functions"},"message":"[functions] Got req.url=/back-aero-marina/us-central1/helloWorld, mapping to path=/"}}
[debug] [2022-06-03T20:56:22.050Z] [runtime-status] [144055] Ephemeral server handling GET request {"metadata":{"emulator":{"name":"functions"},"function":{"name":"us-central1-helloWorld"},"extension":{},"message":"[runtime-status] [144055] Ephemeral server handling GET request"}}
[info] >  {"structuredData":true,"severity":"INFO","message":"Hello logs!"} {"user":{"structuredData":true,"severity":"INFO","message":"Hello logs!"},"metadata":{"emulator":{"name":"functions"},"function":{"name":"us-central1-helloWorld"},"extension":{},"message":"\u001b[90m> \u001b[39m {\"structuredData\":true,\"severity\":\"INFO\",\"message\":\"Hello logs!\"}"}}
[debug] [2022-06-03T20:56:22.053Z] [runtime-status] [144055] Ephemeral server survived. {"metadata":{"emulator":{"name":"functions"},"function":{"name":"us-central1-helloWorld"},"extension":{},"message":"[runtime-status] [144055] Ephemeral server survived."}}
[info] i  functions: Finished "helloWorld" in ~1s {"metadata":{"emulator":{"name":"functions"},"function":{"name":"us-central1-helloWorld"},"extension":{},"message":"Finished \"helloWorld\" in ~1s"}}
[debug] [2022-06-03T20:56:22.054Z] [worker-us-central1-helloWorld-a9642003-4f86-440d-9035-fb842517785a]: IDLE {"metadata":{"emulator":{"name":"functions"},"message":"[worker-us-central1-helloWorld-a9642003-4f86-440d-9035-fb842517785a]: IDLE"}}
[debug] [2022-06-03T20:56:22.054Z] [work-queue] {"queueLength":0,"workRunningCount":0}
